[debug] [2024-06-14T05:35:42.177Z] ----------------------------------------------------------------------
[debug] [2024-06-14T05:35:42.179Z] Command:       C:\Program Files\nodejs\node.exe C:\Users\ZedKiller\AppData\Roaming\npm\node_modules\firebase-tools\lib\bin\firebase.js apps:create android argos_app_v2 (android) --package-name=app --json --project=practihub-2428c
[debug] [2024-06-14T05:35:42.179Z] CLI Version:   13.11.2
[debug] [2024-06-14T05:35:42.180Z] Platform:      win32
[debug] [2024-06-14T05:35:42.180Z] Node Version:  v18.17.0
[debug] [2024-06-14T05:35:42.181Z] Time:          Fri Jun 14 2024 00:35:42 GMT-0500 (hora estándar de Perú)
[debug] [2024-06-14T05:35:42.181Z] ----------------------------------------------------------------------
[debug] 
[debug] [2024-06-14T05:35:42.190Z] > command requires scopes: ["email","openid","https://www.googleapis.com/auth/cloudplatformprojects.readonly","https://www.googleapis.com/auth/firebase","https://www.googleapis.com/auth/cloud-platform"]
[debug] [2024-06-14T05:35:42.191Z] > authorizing via signed-in user (anabelen102938@gmail.com)
[info] Create your ANDROID app in project practihub-2428c:
[debug] [2024-06-14T05:35:42.197Z] >>> [apiv2][query] POST https://firebase.googleapis.com/v1beta1/projects/practihub-2428c/androidApps [none]
[debug] [2024-06-14T05:35:42.198Z] >>> [apiv2][body] POST https://firebase.googleapis.com/v1beta1/projects/practihub-2428c/androidApps {"displayName":"argos_app_v2 (android)","packageName":"app"}
[debug] [2024-06-14T05:35:42.546Z] <<< [apiv2][status] POST https://firebase.googleapis.com/v1beta1/projects/practihub-2428c/androidApps 400
[debug] [2024-06-14T05:35:42.546Z] <<< [apiv2][body] POST https://firebase.googleapis.com/v1beta1/projects/practihub-2428c/androidApps {"error":{"code":400,"message":"Request contains an invalid argument.","status":"INVALID_ARGUMENT"}}
[debug] [2024-06-14T05:35:42.547Z] HTTP Error: 400, Request contains an invalid argument.
[debug] [2024-06-14T05:35:42.704Z] FirebaseError: HTTP Error: 400, Request contains an invalid argument.
    at responseToError (C:\Users\ZedKiller\AppData\Roaming\npm\node_modules\firebase-tools\lib\responseToError.js:49:12)
    at RetryOperation._fn (C:\Users\ZedKiller\AppData\Roaming\npm\node_modules\firebase-tools\lib\apiv2.js:305:77)
    at process.processTicksAndRejections (node:internal/process/task_queues:95:5)
[error] 
[error] Error: Failed to create Android app for project practihub-2428c. See firebase-debug.log for more info.
